<?xml version="1.0" encoding="UTF-8"?>
<!-- Generated by org.testng.reporters.JUnitReportReporter -->
<testsuite hostname="DESKTOP-HECQFQ3" failures="0" tests="1" name="com.spicejet.testCases.TC02_ValidateNavigationButtons" time="73.473" errors="0" timestamp="2023-11-05T08:57:13 IST" skipped="0">
  <testcase classname="com.spicejet.testCases.TC02_ValidateNavigationButtons" name="TC_02_ValidateNavigationButtons" time="73.473"/>
</testsuite> <!-- com.spicejet.testCases.TC02_ValidateNavigationButtons -->
