<?xml version="1.0" encoding="UTF-8"?>
<!-- Generated by org.testng.reporters.JUnitReportReporter -->
<testsuite hostname="DESKTOP-HECQFQ3" failures="0" tests="1" name="com.spicejet.testCases.TC01_NavigationToSpiceJetApp" time="124.614" errors="0" timestamp="2023-12-21T19:01:00 IST" skipped="0">
  <testcase classname="com.spicejet.testCases.TC01_NavigationToSpiceJetApp" name="TC_01_ValidatingTitle" time="124.614"/>
</testsuite> <!-- com.spicejet.testCases.TC01_NavigationToSpiceJetApp -->
